<?xml version="1.0" encoding="UTF-8"?>
<testsuite xmlns:xsi="http://www.w3.org/2001/XMLSchema-instance" xsi:noNamespaceSchemaLocation="https://maven.apache.org/surefire/maven-surefire-plugin/xsd/surefire-test-report.xsd" name="runner.TestRunner" time="17.484" tests="14" errors="0" skipped="0" failures="0">
  <properties>
[...]
</properties>
  <testcase name="Дано открыт браузер и осуществлен переход по ссылке" classname="Сценарий: Проверка расчета дохода по вкладу Сохраняй" time="0.003"/>
  <testcase name="Когда пользователь открывает раздел &quot;Раздел Вложить и заработать&quot;" classname="Сценарий: Проверка расчета дохода по вкладу Сохраняй" time="0"/>
  <testcase name="И пользователь открывает меню &quot;Вклад Сохраняй&quot;" classname="Сценарий: Проверка расчета дохода по вкладу Сохраняй" time="0"/>
  <testcase name="И пользователь устанавливает валюту &quot;ЕВРО&quot;" classname="Сценарий: Проверка расчета дохода по вкладу Сохраняй" time="0"/>
  <testcase name="И пользователь устанавливает срок вклада &quot;365&quot;" classname="Сценарий: Проверка расчета дохода по вкладу Сохраняй" time="0"/>
  <testcase name="И пользователь устанавливает сумму вклада &quot;60000&quot;" classname="Сценарий: Проверка расчета дохода по вкладу Сохраняй" time="0.001"/>
  <testcase name="И пользователь устанавливает параметр &quot;Капитализация процентов&quot; значением &quot;Нет&quot;" classname="Сценарий: Проверка расчета дохода по вкладу Сохраняй" time="0.001"/>
  <testcase name="И пользователь устанавливает параметр &quot;Досрочное закрытие вклада&quot; значением &quot;Нет&quot;" classname="Сценарий: Проверка расчета дохода по вкладу Сохраняй" time="0"/>
  <testcase name="И пользователь устанавливает параметр &quot;Вкладчик - пенсионер&quot; значением &quot;Да&quot;" classname="Сценарий: Проверка расчета дохода по вкладу Сохраняй" time="0"/>
  <testcase name="И нажимает кнопку Рассчитать" classname="Сценарий: Проверка расчета дохода по вкладу Сохраняй" time="0"/>
  <testcase name="Тогда параметр &quot;Средний доход за 30 дней &quot; равен &quot;0,50 €&quot;" classname="Сценарий: Проверка расчета дохода по вкладу Сохраняй" time="0"/>
  <testcase name="Тогда параметр &quot;Базовая процентная ставка &quot; равен &quot;0,01%&quot;" classname="Сценарий: Проверка расчета дохода по вкладу Сохраняй" time="0"/>
  <testcase name="И пользователь закрывает браузер" classname="Сценарий: Проверка расчета дохода по вкладу Сохраняй" time="0"/>
  <testcase name="Сценарий: Проверка расчета дохода по вкладу Сохраняй" classname="Сценарий: Проверка расчета дохода по вкладу Сохраняй" time="0"/>
</testsuite>